G:\Visual Studio\MSBuild\Microsoft\VC\v160\Microsoft.CppBuild.targets(459,5): warning MSB8028: The intermediate directory (Release\) contains files shared from another project (netstatus.vcxproj).  This can lead to incorrect clean and rebuild behavior.
  main.cpp
C:\jass\netstat\netstatus\main.cpp(78,2): warning C4996: 'stricmp': The POSIX name for this item is deprecated. Instead, use the ISO C and C++ conformant name: _stricmp. See online help for details.
C:\Program Files (x86)\Windows Kits\10\Include\10.0.18362.0\ucrt\string.h(549): message : see declaration of 'stricmp'
     Creating library C:\jass\netstat\netstatus\msvc\Release\BaseForPlugin.lib and object C:\jass\netstat\netstatus\msvc\Release\BaseForPlugin.exp
  Generating code
  Previous IPDB not found, fall back to full compilation.
  All 8 functions were compiled because no usable IPDB/IOBJ from previous compilation was found.
C:\jass\netstat\netstatus\main.cpp(86): warning C4715: 'JASS_vmMain': not all control paths return a value
  Finished generating code
  Base for plugin.vcxproj -> C:\jass\netstat\netstatus\msvc\Release\BaseForPlugin.dll
  Build .rar & .zip
  lowername=BaseForPlugin
  lowername=baseforplugin
  baseforplugin BaseForPlugin
  Den angivne sti blev ikke fundet.
          1 file(s) copied.
  "..\msvc\Release\baseforplugin.dll"
          1 file(s) copied.
          1 file(s) copied.
  Could Not Find C:\jass\netstat\netstatus\Release\BaseForPlugin.zip
  ..\Archivation\bsdtar: baseforplugin.so: Cannot stat: No such file or directory
  ..\Archivation\bsdtar: Error exit delayed from previous errors.
  
  7-Zip 9.20  Copyright (c) 1999-2010 Igor Pavlov  2010-11-18
  
  
EXEC : error : 
  7-Zip cannot find the code that works with archives.
G:\Visual Studio\MSBuild\Microsoft\VC\v160\Microsoft.CppCommon.targets(149,5): error MSB3073: The command "..\Archivation\Archivate.bat BaseForPlugin
G:\Visual Studio\MSBuild\Microsoft\VC\v160\Microsoft.CppCommon.targets(149,5): error MSB3073: :VCEnd" exited with code -1.
